Determining if the pthread_create exist failed with the following output:
Change Dir: /home/riki/JingMi_ROS_ws/catkin_ws/build/CMakeFiles/CMakeTmp

Run Build Command:"/usr/bin/make" "cmTC_6032d/fast"
/usr/bin/make -f CMakeFiles/cmTC_6032d.dir/build.make CMakeFiles/cmTC_6032d.dir/build
make[1]: Entering directory '/home/riki/JingMi_ROS_ws/catkin_ws/build/CMakeFiles/CMakeTmp'
Building C object CMakeFiles/cmTC_6032d.dir/CheckSymbolExists.c.o
/usr/bin/cc     -o CMakeFiles/cmTC_6032d.dir/CheckSymbolExists.c.o   -c /home/riki/JingMi_ROS_ws/catkin_ws/build/CMakeFiles/CMakeTmp/CheckSymbolExists.c
Linking C executable cmTC_6032d
/usr/bin/cmake -E cmake_link_script CMakeFiles/cmTC_6032d.dir/link.txt --verbose=1
/usr/bin/cc       CMakeFiles/cmTC_6032d.dir/CheckSymbolExists.c.o  -o cmTC_6032d -rdynamic 
CMakeFiles/cmTC_6032d.dir/CheckSymbolExists.c.o：在函数‘main’中：
CheckSymbolExists.c:(.text+0x16)：对‘pthread_create’未定义的引用
collect2: error: ld returned 1 exit status
CMakeFiles/cmTC_6032d.dir/build.make:97: recipe for target 'cmTC_6032d' failed
make[1]: *** [cmTC_6032d] Error 1
make[1]: Leaving directory '/home/riki/JingMi_ROS_ws/catkin_ws/build/CMakeFiles/CMakeTmp'
Makefile:126: recipe for target 'cmTC_6032d/fast' failed
make: *** [cmTC_6032d/fast] Error 2

File /home/riki/JingMi_ROS_ws/catkin_ws/build/CMakeFiles/CMakeTmp/CheckSymbolExists.c:
/* */
#include <pthread.h>

int main(int argc, char** argv)
{
  (void)argv;
#ifndef pthread_create
  return ((int*)(&pthread_create))[argc];
#else
  (void)argc;
  return 0;
#endif
}

Determining if the function pthread_create exists in the pthreads failed with the following output:
Change Dir: /home/riki/JingMi_ROS_ws/catkin_ws/build/CMakeFiles/CMakeTmp

Run Build Command:"/usr/bin/make" "cmTC_97c55/fast"
/usr/bin/make -f CMakeFiles/cmTC_97c55.dir/build.make CMakeFiles/cmTC_97c55.dir/build
make[1]: Entering directory '/home/riki/JingMi_ROS_ws/catkin_ws/build/CMakeFiles/CMakeTmp'
Building C object CMakeFiles/cmTC_97c55.dir/CheckFunctionExists.c.o
/usr/bin/cc    -DCHECK_FUNCTION_EXISTS=pthread_create   -o CMakeFiles/cmTC_97c55.dir/CheckFunctionExists.c.o   -c /usr/share/cmake-3.5/Modules/CheckFunctionExists.c
Linking C executable cmTC_97c55
/usr/bin/cmake -E cmake_link_script CMakeFiles/cmTC_97c55.dir/link.txt --verbose=1
/usr/bin/cc   -DCHECK_FUNCTION_EXISTS=pthread_create    CMakeFiles/cmTC_97c55.dir/CheckFunctionExists.c.o  -o cmTC_97c55 -rdynamic -lpthreads 
/usr/bin/ld: 找不到 -lpthreads
collect2: error: ld returned 1 exit status
CMakeFiles/cmTC_97c55.dir/build.make:97: recipe for target 'cmTC_97c55' failed
make[1]: *** [cmTC_97c55] Error 1
make[1]: Leaving directory '/home/riki/JingMi_ROS_ws/catkin_ws/build/CMakeFiles/CMakeTmp'
Makefile:126: recipe for target 'cmTC_97c55/fast' failed
make: *** [cmTC_97c55/fast] Error 2


Determining if the Q_WS_WIN exist failed with the following output:
Change Dir: /home/riki/JingMi_ROS_ws/catkin_ws/build/CMakeFiles/CMakeTmp

Run Build Command:"/usr/bin/make" "cmTC_06ead/fast"
/usr/bin/make -f CMakeFiles/cmTC_06ead.dir/build.make CMakeFiles/cmTC_06ead.dir/build
make[1]: Entering directory '/home/riki/JingMi_ROS_ws/catkin_ws/build/CMakeFiles/CMakeTmp'
Building CXX object CMakeFiles/cmTC_06ead.dir/CheckSymbolExists.cxx.o
/usr/bin/c++    -I/usr/include/qt4   -o CMakeFiles/cmTC_06ead.dir/CheckSymbolExists.cxx.o -c /home/riki/JingMi_ROS_ws/catkin_ws/build/CMakeFiles/CMakeTmp/CheckSymbolExists.cxx
/home/riki/JingMi_ROS_ws/catkin_ws/build/CMakeFiles/CMakeTmp/CheckSymbolExists.cxx: In function 'int main(int, char**)':
/home/riki/JingMi_ROS_ws/catkin_ws/build/CMakeFiles/CMakeTmp/CheckSymbolExists.cxx:8:19: error: 'Q_WS_WIN' was not declared in this scope
   return ((int*)(&Q_WS_WIN))[argc];
                   ^
CMakeFiles/cmTC_06ead.dir/build.make:65: recipe for target 'CMakeFiles/cmTC_06ead.dir/CheckSymbolExists.cxx.o' failed
make[1]: *** [CMakeFiles/cmTC_06ead.dir/CheckSymbolExists.cxx.o] Error 1
make[1]: Leaving directory '/home/riki/JingMi_ROS_ws/catkin_ws/build/CMakeFiles/CMakeTmp'
Makefile:126: recipe for target 'cmTC_06ead/fast' failed
make: *** [cmTC_06ead/fast] Error 2

File /home/riki/JingMi_ROS_ws/catkin_ws/build/CMakeFiles/CMakeTmp/CheckSymbolExists.cxx:
/* */
#include <QtCore/qglobal.h>

int main(int argc, char** argv)
{
  (void)argv;
#ifndef Q_WS_WIN
  return ((int*)(&Q_WS_WIN))[argc];
#else
  (void)argc;
  return 0;
#endif
}

Determining if the Q_WS_QWS exist failed with the following output:
Change Dir: /home/riki/JingMi_ROS_ws/catkin_ws/build/CMakeFiles/CMakeTmp

Run Build Command:"/usr/bin/make" "cmTC_6db09/fast"
/usr/bin/make -f CMakeFiles/cmTC_6db09.dir/build.make CMakeFiles/cmTC_6db09.dir/build
make[1]: Entering directory '/home/riki/JingMi_ROS_ws/catkin_ws/build/CMakeFiles/CMakeTmp'
Building CXX object CMakeFiles/cmTC_6db09.dir/CheckSymbolExists.cxx.o
/usr/bin/c++    -I/usr/include/qt4   -o CMakeFiles/cmTC_6db09.dir/CheckSymbolExists.cxx.o -c /home/riki/JingMi_ROS_ws/catkin_ws/build/CMakeFiles/CMakeTmp/CheckSymbolExists.cxx
/home/riki/JingMi_ROS_ws/catkin_ws/build/CMakeFiles/CMakeTmp/CheckSymbolExists.cxx: In function 'int main(int, char**)':
/home/riki/JingMi_ROS_ws/catkin_ws/build/CMakeFiles/CMakeTmp/CheckSymbolExists.cxx:8:19: error: 'Q_WS_QWS' was not declared in this scope
   return ((int*)(&Q_WS_QWS))[argc];
                   ^
CMakeFiles/cmTC_6db09.dir/build.make:65: recipe for target 'CMakeFiles/cmTC_6db09.dir/CheckSymbolExists.cxx.o' failed
make[1]: *** [CMakeFiles/cmTC_6db09.dir/CheckSymbolExists.cxx.o] Error 1
make[1]: Leaving directory '/home/riki/JingMi_ROS_ws/catkin_ws/build/CMakeFiles/CMakeTmp'
Makefile:126: recipe for target 'cmTC_6db09/fast' failed
make: *** [cmTC_6db09/fast] Error 2

File /home/riki/JingMi_ROS_ws/catkin_ws/build/CMakeFiles/CMakeTmp/CheckSymbolExists.cxx:
/* */
#include <QtCore/qglobal.h>

int main(int argc, char** argv)
{
  (void)argv;
#ifndef Q_WS_QWS
  return ((int*)(&Q_WS_QWS))[argc];
#else
  (void)argc;
  return 0;
#endif
}

Determining if the Q_WS_MAC exist failed with the following output:
Change Dir: /home/riki/JingMi_ROS_ws/catkin_ws/build/CMakeFiles/CMakeTmp

Run Build Command:"/usr/bin/make" "cmTC_c722a/fast"
/usr/bin/make -f CMakeFiles/cmTC_c722a.dir/build.make CMakeFiles/cmTC_c722a.dir/build
make[1]: Entering directory '/home/riki/JingMi_ROS_ws/catkin_ws/build/CMakeFiles/CMakeTmp'
Building CXX object CMakeFiles/cmTC_c722a.dir/CheckSymbolExists.cxx.o
/usr/bin/c++    -I/usr/include/qt4   -o CMakeFiles/cmTC_c722a.dir/CheckSymbolExists.cxx.o -c /home/riki/JingMi_ROS_ws/catkin_ws/build/CMakeFiles/CMakeTmp/CheckSymbolExists.cxx
/home/riki/JingMi_ROS_ws/catkin_ws/build/CMakeFiles/CMakeTmp/CheckSymbolExists.cxx: In function 'int main(int, char**)':
/home/riki/JingMi_ROS_ws/catkin_ws/build/CMakeFiles/CMakeTmp/CheckSymbolExists.cxx:8:19: error: 'Q_WS_MAC' was not declared in this scope
   return ((int*)(&Q_WS_MAC))[argc];
                   ^
CMakeFiles/cmTC_c722a.dir/build.make:65: recipe for target 'CMakeFiles/cmTC_c722a.dir/CheckSymbolExists.cxx.o' failed
make[1]: *** [CMakeFiles/cmTC_c722a.dir/CheckSymbolExists.cxx.o] Error 1
make[1]: Leaving directory '/home/riki/JingMi_ROS_ws/catkin_ws/build/CMakeFiles/CMakeTmp'
Makefile:126: recipe for target 'cmTC_c722a/fast' failed
make: *** [cmTC_c722a/fast] Error 2

File /home/riki/JingMi_ROS_ws/catkin_ws/build/CMakeFiles/CMakeTmp/CheckSymbolExists.cxx:
/* */
#include <QtCore/qglobal.h>

int main(int argc, char** argv)
{
  (void)argv;
#ifndef Q_WS_MAC
  return ((int*)(&Q_WS_MAC))[argc];
#else
  (void)argc;
  return 0;
#endif
}

